The system is: Linux - 4.16.0-041600-generic - x86_64
Compiling the C compiler identification source file "CMakeCCompilerId.c" succeeded.
Compiler: /usr/local/opt/gcc-5.3.0-32/bin/gcc 
Build flags: 
Id flags:  

The output was:
0


Compilation of the C compiler identification source "CMakeCCompilerId.c" produced "a.out"

The C compiler identification is GNU, found in "/home/i12bercm/asignaturas/fsiv/p2/color_balance-build/CMakeFiles/3.22.3/CompilerIdC/a.out"

Compiling the CXX compiler identification source file "CMakeCXXCompilerId.cpp" succeeded.
Compiler: /usr/local/opt/gcc-5.3.0-32/bin/c++ 
Build flags: 
Id flags:  

The output was:
0


Compilation of the CXX compiler identification source "CMakeCXXCompilerId.cpp" produced "a.out"

The CXX compiler identification is GNU, found in "/home/i12bercm/asignaturas/fsiv/p2/color_balance-build/CMakeFiles/3.22.3/CompilerIdCXX/a.out"

Detecting C compiler ABI info compiled with the following output:
Change Dir: /home/i12bercm/asignaturas/fsiv/p2/color_balance-build/CMakeFiles/CMakeTmp

Run Build Command(s):/usr/local/bin/gmake -f Makefile cmTC_b8180/fast && /usr/local/bin/gmake  -f CMakeFiles/cmTC_b8180.dir/build.make CMakeFiles/cmTC_b8180.dir/build
gmake[1]: Entering directory '/home/i12bercm/asignaturas/fsiv/p2/color_balance-build/CMakeFiles/CMakeTmp'
Building C object CMakeFiles/cmTC_b8180.dir/CMakeCCompilerABI.c.o
/usr/local/opt/gcc-5.3.0-32/bin/gcc   -v -o CMakeFiles/cmTC_b8180.dir/CMakeCCompilerABI.c.o -c /usr/local/share/cmake-3.22/Modules/CMakeCCompilerABI.c
Using built-in specs.
COLLECT_GCC=/usr/local/opt/gcc-5.3.0-32/bin/gcc
Target: i686-pc-linux-gnu
Configured with: ../gcc-5.3.0/configure --prefix=/usr/local/opt/gcc-5.3.0-32 --x-includes=/usr/local/X11R7/include --x-libraries=/usr/local/X11R7/lib --enable-tls --enable-languages=c,c++ --disable-multilib --disable-bootstrap --host=i686-pc-linux-gnu --build=i686-pc-linux-gnu : (reconfigured) ../gcc-5.3.0/configure --prefix=/usr/local/opt/gcc-5.3.0-32 --x-includes=/usr/local/X11R7/include --x-libraries=/usr/local/X11R7/lib --enable-tls --enable-languages=c,c++,fortran,java --disable-multilib --disable-bootstrap --host=i686-pc-linux-gnu --build=i686-pc-linux-gnu
Thread model: posix
gcc version 5.3.0 (GCC) 
COLLECT_GCC_OPTIONS='-v' '-o' 'CMakeFiles/cmTC_b8180.dir/CMakeCCompilerABI.c.o' '-c' '-mtune=generic' '-march=pentiumpro'
 /usr/local/opt/gcc-5.3.0-32/libexec/gcc/i686-pc-linux-gnu/5.3.0/cc1 -quiet -v /usr/local/share/cmake-3.22/Modules/CMakeCCompilerABI.c -quiet -dumpbase CMakeCCompilerABI.c -mtune=generic -march=pentiumpro -auxbase-strip CMakeFiles/cmTC_b8180.dir/CMakeCCompilerABI.c.o -version -o /tmp/cc9yJsbb.s
GNU C11 (GCC) version 5.3.0 (i686-pc-linux-gnu)
	compiled by GNU C version 4.7.0, GMP version 5.0.5, MPFR version 3.1.0, MPC version 0.9
warning: GMP header version 5.0.5 differs from library version 6.2.0.
GGC heuristics: --param ggc-min-expand=100 --param ggc-min-heapsize=131072
ignoring nonexistent directory "/usr/local/opt/gcc-5.3.0-32/lib/gcc/i686-pc-linux-gnu/5.3.0/../../../../i686-pc-linux-gnu/include"
ignoring duplicate directory "/usr/include"
#include "..." search starts here:
#include <...> search starts here:
 /usr/local/opt/gcc-5.3.0-32/lib/gcc/i686-pc-linux-gnu/5.3.0/include
 /usr/local/include
 /usr/local/opt/gcc-5.3.0-32/include
 /usr/local/opt/gcc-5.3.0-32/lib/gcc/i686-pc-linux-gnu/5.3.0/include-fixed
End of search list.
GNU C11 (GCC) version 5.3.0 (i686-pc-linux-gnu)
	compiled by GNU C version 4.7.0, GMP version 5.0.5, MPFR version 3.1.0, MPC version 0.9
warning: GMP header version 5.0.5 differs from library version 6.2.0.
GGC heuristics: --param ggc-min-expand=100 --param ggc-min-heapsize=131072
Compiler executable checksum: 8a91eaf4ff74a9616bd71ce84e3f102c
COLLECT_GCC_OPTIONS='-v' '-o' 'CMakeFiles/cmTC_b8180.dir/CMakeCCompilerABI.c.o' '-c' '-mtune=generic' '-march=pentiumpro'
 as -v --32 -o CMakeFiles/cmTC_b8180.dir/CMakeCCompilerABI.c.o /tmp/cc9yJsbb.s
GNU assembler version 2.27 (x86_64-pc-linux-gnu) using BFD version (GNU Binutils) 2.27
COMPILER_PATH=/usr/local/opt/gcc-5.3.0-32/libexec/gcc/i686-pc-linux-gnu/5.3.0/:/usr/local/opt/gcc-5.3.0-32/libexec/gcc/i686-pc-linux-gnu/5.3.0/:/usr/local/opt/gcc-5.3.0-32/libexec/gcc/i686-pc-linux-gnu/:/usr/local/opt/gcc-5.3.0-32/lib/gcc/i686-pc-linux-gnu/5.3.0/:/usr/local/opt/gcc-5.3.0-32/lib/gcc/i686-pc-linux-gnu/
LIBRARY_PATH=/usr/local/opt/gcc-5.3.0-32/lib/gcc/i686-pc-linux-gnu/5.3.0/:/usr/local/opt/gcc-5.3.0-32/lib/gcc/i686-pc-linux-gnu/5.3.0/../../../:/lib/:/usr/lib/
COLLECT_GCC_OPTIONS='-v' '-o' 'CMakeFiles/cmTC_b8180.dir/CMakeCCompilerABI.c.o' '-c' '-mtune=generic' '-march=pentiumpro'
Linking C executable cmTC_b8180
/usr/local/bin/cmake -E cmake_link_script CMakeFiles/cmTC_b8180.dir/link.txt --verbose=1
/usr/local/opt/gcc-5.3.0-32/bin/gcc  -v -rdynamic CMakeFiles/cmTC_b8180.dir/CMakeCCompilerABI.c.o -o cmTC_b8180 
Using built-in specs.
COLLECT_GCC=/usr/local/opt/gcc-5.3.0-32/bin/gcc
COLLECT_LTO_WRAPPER=/usr/local/opt/gcc-5.3.0-32/libexec/gcc/i686-pc-linux-gnu/5.3.0/lto-wrapper
Target: i686-pc-linux-gnu
Configured with: ../gcc-5.3.0/configure --prefix=/usr/local/opt/gcc-5.3.0-32 --x-includes=/usr/local/X11R7/include --x-libraries=/usr/local/X11R7/lib --enable-tls --enable-languages=c,c++ --disable-multilib --disable-bootstrap --host=i686-pc-linux-gnu --build=i686-pc-linux-gnu : (reconfigured) ../gcc-5.3.0/configure --prefix=/usr/local/opt/gcc-5.3.0-32 --x-includes=/usr/local/X11R7/include --x-libraries=/usr/local/X11R7/lib --enable-tls --enable-languages=c,c++,fortran,java --disable-multilib --disable-bootstrap --host=i686-pc-linux-gnu --build=i686-pc-linux-gnu
Thread model: posix
gcc version 5.3.0 (GCC) 
COMPILER_PATH=/usr/local/opt/gcc-5.3.0-32/libexec/gcc/i686-pc-linux-gnu/5.3.0/:/usr/local/opt/gcc-5.3.0-32/libexec/gcc/i686-pc-linux-gnu/5.3.0/:/usr/local/opt/gcc-5.3.0-32/libexec/gcc/i686-pc-linux-gnu/:/usr/local/opt/gcc-5.3.0-32/lib/gcc/i686-pc-linux-gnu/5.3.0/:/usr/local/opt/gcc-5.3.0-32/lib/gcc/i686-pc-linux-gnu/
LIBRARY_PATH=/usr/local/opt/gcc-5.3.0-32/lib/gcc/i686-pc-linux-gnu/5.3.0/:/usr/local/opt/gcc-5.3.0-32/lib/gcc/i686-pc-linux-gnu/5.3.0/../../../:/lib/:/usr/lib/
COLLECT_GCC_OPTIONS='-v' '-rdynamic' '-o' 'cmTC_b8180' '-mtune=generic' '-march=pentiumpro'
 /usr/local/opt/gcc-5.3.0-32/libexec/gcc/i686-pc-linux-gnu/5.3.0/collect2 -plugin /usr/local/opt/gcc-5.3.0-32/libexec/gcc/i686-pc-linux-gnu/5.3.0/liblto_plugin.so -plugin-opt=/usr/local/opt/gcc-5.3.0-32/libexec/gcc/i686-pc-linux-gnu/5.3.0/lto-wrapper -plugin-opt=-fresolution=/tmp/cc8kDIWh.res -plugin-opt=-pass-through=-lgcc -plugin-opt=-pass-through=-lgcc_s -plugin-opt=-pass-through=-lc -plugin-opt=-pass-through=-lgcc -plugin-opt=-pass-through=-lgcc_s --eh-frame-hdr -m elf_i386 -export-dynamic -dynamic-linker /lib/ld-linux.so.2 -o cmTC_b8180 /lib/crt1.o /lib/crti.o /usr/local/opt/gcc-5.3.0-32/lib/gcc/i686-pc-linux-gnu/5.3.0/crtbegin.o -L/usr/local/opt/gcc-5.3.0-32/lib/gcc/i686-pc-linux-gnu/5.3.0 -L/usr/local/opt/gcc-5.3.0-32/lib/gcc/i686-pc-linux-gnu/5.3.0/../../.. CMakeFiles/cmTC_b8180.dir/CMakeCCompilerABI.c.o -lgcc --as-needed -lgcc_s --no-as-needed -lc -lgcc --as-needed -lgcc_s --no-as-needed /usr/local/opt/gcc-5.3.0-32/lib/gcc/i686-pc-linux-gnu/5.3.0/crtend.o /lib/crtn.o
gmake[1]: Leaving directory '/home/i12bercm/asignaturas/fsiv/p2/color_balance-build/CMakeFiles/CMakeTmp'



Parsed C implicit include dir info from above output: rv=done
  found start of include info
  found start of implicit include info
    add: [/usr/local/opt/gcc-5.3.0-32/lib/gcc/i686-pc-linux-gnu/5.3.0/include]
    add: [/usr/local/include]
    add: [/usr/local/opt/gcc-5.3.0-32/include]
    add: [/usr/local/opt/gcc-5.3.0-32/lib/gcc/i686-pc-linux-gnu/5.3.0/include-fixed]
  end of search list found
  collapse include dir [/usr/local/opt/gcc-5.3.0-32/lib/gcc/i686-pc-linux-gnu/5.3.0/include] ==> [/usr/local/opt/gcc-5.3.0-32/lib/gcc/i686-pc-linux-gnu/5.3.0/include]
  collapse include dir [/usr/local/include] ==> [/usr/local/include]
  collapse include dir [/usr/local/opt/gcc-5.3.0-32/include] ==> [/usr/local/opt/gcc-5.3.0-32/include]
  collapse include dir [/usr/local/opt/gcc-5.3.0-32/lib/gcc/i686-pc-linux-gnu/5.3.0/include-fixed] ==> [/usr/local/opt/gcc-5.3.0-32/lib/gcc/i686-pc-linux-gnu/5.3.0/include-fixed]
  implicit include dirs: [/usr/local/opt/gcc-5.3.0-32/lib/gcc/i686-pc-linux-gnu/5.3.0/include;/usr/local/include;/usr/local/opt/gcc-5.3.0-32/include;/usr/local/opt/gcc-5.3.0-32/lib/gcc/i686-pc-linux-gnu/5.3.0/include-fixed]


Parsed C implicit link information from above output:
  link line regex: [^( *|.*[/\])(ld|CMAKE_LINK_STARTFILE-NOTFOUND|([^/\]+-)?ld|collect2)[^/\]*( |$)]
  ignore line: [Change Dir: /home/i12bercm/asignaturas/fsiv/p2/color_balance-build/CMakeFiles/CMakeTmp]
  ignore line: []
  ignore line: [Run Build Command(s):/usr/local/bin/gmake -f Makefile cmTC_b8180/fast && /usr/local/bin/gmake  -f CMakeFiles/cmTC_b8180.dir/build.make CMakeFiles/cmTC_b8180.dir/build]
  ignore line: [gmake[1]: Entering directory '/home/i12bercm/asignaturas/fsiv/p2/color_balance-build/CMakeFiles/CMakeTmp']
  ignore line: [Building C object CMakeFiles/cmTC_b8180.dir/CMakeCCompilerABI.c.o]
  ignore line: [/usr/local/opt/gcc-5.3.0-32/bin/gcc   -v -o CMakeFiles/cmTC_b8180.dir/CMakeCCompilerABI.c.o -c /usr/local/share/cmake-3.22/Modules/CMakeCCompilerABI.c]
  ignore line: [Using built-in specs.]
  ignore line: [COLLECT_GCC=/usr/local/opt/gcc-5.3.0-32/bin/gcc]
  ignore line: [Target: i686-pc-linux-gnu]
  ignore line: [Configured with: ../gcc-5.3.0/configure --prefix=/usr/local/opt/gcc-5.3.0-32 --x-includes=/usr/local/X11R7/include --x-libraries=/usr/local/X11R7/lib --enable-tls --enable-languages=c c++ --disable-multilib --disable-bootstrap --host=i686-pc-linux-gnu --build=i686-pc-linux-gnu : (reconfigured) ../gcc-5.3.0/configure --prefix=/usr/local/opt/gcc-5.3.0-32 --x-includes=/usr/local/X11R7/include --x-libraries=/usr/local/X11R7/lib --enable-tls --enable-languages=c c++ fortran java --disable-multilib --disable-bootstrap --host=i686-pc-linux-gnu --build=i686-pc-linux-gnu]
  ignore line: [Thread model: posix]
  ignore line: [gcc version 5.3.0 (GCC) ]
  ignore line: [COLLECT_GCC_OPTIONS='-v' '-o' 'CMakeFiles/cmTC_b8180.dir/CMakeCCompilerABI.c.o' '-c' '-mtune=generic' '-march=pentiumpro']
  ignore line: [ /usr/local/opt/gcc-5.3.0-32/libexec/gcc/i686-pc-linux-gnu/5.3.0/cc1 -quiet -v /usr/local/share/cmake-3.22/Modules/CMakeCCompilerABI.c -quiet -dumpbase CMakeCCompilerABI.c -mtune=generic -march=pentiumpro -auxbase-strip CMakeFiles/cmTC_b8180.dir/CMakeCCompilerABI.c.o -version -o /tmp/cc9yJsbb.s]
  ignore line: [GNU C11 (GCC) version 5.3.0 (i686-pc-linux-gnu)]
  ignore line: [	compiled by GNU C version 4.7.0  GMP version 5.0.5  MPFR version 3.1.0  MPC version 0.9]
  ignore line: [warning: GMP header version 5.0.5 differs from library version 6.2.0.]
  ignore line: [GGC heuristics: --param ggc-min-expand=100 --param ggc-min-heapsize=131072]
  ignore line: [ignoring nonexistent directory "/usr/local/opt/gcc-5.3.0-32/lib/gcc/i686-pc-linux-gnu/5.3.0/../../../../i686-pc-linux-gnu/include"]
  ignore line: [ignoring duplicate directory "/usr/include"]
  ignore line: [#include "..." search starts here:]
  ignore line: [#include <...> search starts here:]
  ignore line: [ /usr/local/opt/gcc-5.3.0-32/lib/gcc/i686-pc-linux-gnu/5.3.0/include]
  ignore line: [ /usr/local/include]
  ignore line: [ /usr/local/opt/gcc-5.3.0-32/include]
  ignore line: [ /usr/local/opt/gcc-5.3.0-32/lib/gcc/i686-pc-linux-gnu/5.3.0/include-fixed]
  ignore line: [End of search list.]
  ignore line: [GNU C11 (GCC) version 5.3.0 (i686-pc-linux-gnu)]
  ignore line: [	compiled by GNU C version 4.7.0  GMP version 5.0.5  MPFR version 3.1.0  MPC version 0.9]
  ignore line: [warning: GMP header version 5.0.5 differs from library version 6.2.0.]
  ignore line: [GGC heuristics: --param ggc-min-expand=100 --param ggc-min-heapsize=131072]
  ignore line: [Compiler executable checksum: 8a91eaf4ff74a9616bd71ce84e3f102c]
  ignore line: [COLLECT_GCC_OPTIONS='-v' '-o' 'CMakeFiles/cmTC_b8180.dir/CMakeCCompilerABI.c.o' '-c' '-mtune=generic' '-march=pentiumpro']
  ignore line: [ as -v --32 -o CMakeFiles/cmTC_b8180.dir/CMakeCCompilerABI.c.o /tmp/cc9yJsbb.s]
  ignore line: [GNU assembler version 2.27 (x86_64-pc-linux-gnu) using BFD version (GNU Binutils) 2.27]
  ignore line: [COMPILER_PATH=/usr/local/opt/gcc-5.3.0-32/libexec/gcc/i686-pc-linux-gnu/5.3.0/:/usr/local/opt/gcc-5.3.0-32/libexec/gcc/i686-pc-linux-gnu/5.3.0/:/usr/local/opt/gcc-5.3.0-32/libexec/gcc/i686-pc-linux-gnu/:/usr/local/opt/gcc-5.3.0-32/lib/gcc/i686-pc-linux-gnu/5.3.0/:/usr/local/opt/gcc-5.3.0-32/lib/gcc/i686-pc-linux-gnu/]
  ignore line: [LIBRARY_PATH=/usr/local/opt/gcc-5.3.0-32/lib/gcc/i686-pc-linux-gnu/5.3.0/:/usr/local/opt/gcc-5.3.0-32/lib/gcc/i686-pc-linux-gnu/5.3.0/../../../:/lib/:/usr/lib/]
  ignore line: [COLLECT_GCC_OPTIONS='-v' '-o' 'CMakeFiles/cmTC_b8180.dir/CMakeCCompilerABI.c.o' '-c' '-mtune=generic' '-march=pentiumpro']
  ignore line: [Linking C executable cmTC_b8180]
  ignore line: [/usr/local/bin/cmake -E cmake_link_script CMakeFiles/cmTC_b8180.dir/link.txt --verbose=1]
  ignore line: [/usr/local/opt/gcc-5.3.0-32/bin/gcc  -v -rdynamic CMakeFiles/cmTC_b8180.dir/CMakeCCompilerABI.c.o -o cmTC_b8180 ]
  ignore line: [Using built-in specs.]
  ignore line: [COLLECT_GCC=/usr/local/opt/gcc-5.3.0-32/bin/gcc]
  ignore line: [COLLECT_LTO_WRAPPER=/usr/local/opt/gcc-5.3.0-32/libexec/gcc/i686-pc-linux-gnu/5.3.0/lto-wrapper]
  ignore line: [Target: i686-pc-linux-gnu]
  ignore line: [Configured with: ../gcc-5.3.0/configure --prefix=/usr/local/opt/gcc-5.3.0-32 --x-includes=/usr/local/X11R7/include --x-libraries=/usr/local/X11R7/lib --enable-tls --enable-languages=c c++ --disable-multilib --disable-bootstrap --host=i686-pc-linux-gnu --build=i686-pc-linux-gnu : (reconfigured) ../gcc-5.3.0/configure --prefix=/usr/local/opt/gcc-5.3.0-32 --x-includes=/usr/local/X11R7/include --x-libraries=/usr/local/X11R7/lib --enable-tls --enable-languages=c c++ fortran java --disable-multilib --disable-bootstrap --host=i686-pc-linux-gnu --build=i686-pc-linux-gnu]
  ignore line: [Thread model: posix]
  ignore line: [gcc version 5.3.0 (GCC) ]
  ignore line: [COMPILER_PATH=/usr/local/opt/gcc-5.3.0-32/libexec/gcc/i686-pc-linux-gnu/5.3.0/:/usr/local/opt/gcc-5.3.0-32/libexec/gcc/i686-pc-linux-gnu/5.3.0/:/usr/local/opt/gcc-5.3.0-32/libexec/gcc/i686-pc-linux-gnu/:/usr/local/opt/gcc-5.3.0-32/lib/gcc/i686-pc-linux-gnu/5.3.0/:/usr/local/opt/gcc-5.3.0-32/lib/gcc/i686-pc-linux-gnu/]
  ignore line: [LIBRARY_PATH=/usr/local/opt/gcc-5.3.0-32/lib/gcc/i686-pc-linux-gnu/5.3.0/:/usr/local/opt/gcc-5.3.0-32/lib/gcc/i686-pc-linux-gnu/5.3.0/../../../:/lib/:/usr/lib/]
  ignore line: [COLLECT_GCC_OPTIONS='-v' '-rdynamic' '-o' 'cmTC_b8180' '-mtune=generic' '-march=pentiumpro']
  link line: [ /usr/local/opt/gcc-5.3.0-32/libexec/gcc/i686-pc-linux-gnu/5.3.0/collect2 -plugin /usr/local/opt/gcc-5.3.0-32/libexec/gcc/i686-pc-linux-gnu/5.3.0/liblto_plugin.so -plugin-opt=/usr/local/opt/gcc-5.3.0-32/libexec/gcc/i686-pc-linux-gnu/5.3.0/lto-wrapper -plugin-opt=-fresolution=/tmp/cc8kDIWh.res -plugin-opt=-pass-through=-lgcc -plugin-opt=-pass-through=-lgcc_s -plugin-opt=-pass-through=-lc -plugin-opt=-pass-through=-lgcc -plugin-opt=-pass-through=-lgcc_s --eh-frame-hdr -m elf_i386 -export-dynamic -dynamic-linker /lib/ld-linux.so.2 -o cmTC_b8180 /lib/crt1.o /lib/crti.o /usr/local/opt/gcc-5.3.0-32/lib/gcc/i686-pc-linux-gnu/5.3.0/crtbegin.o -L/usr/local/opt/gcc-5.3.0-32/lib/gcc/i686-pc-linux-gnu/5.3.0 -L/usr/local/opt/gcc-5.3.0-32/lib/gcc/i686-pc-linux-gnu/5.3.0/../../.. CMakeFiles/cmTC_b8180.dir/CMakeCCompilerABI.c.o -lgcc --as-needed -lgcc_s --no-as-needed -lc -lgcc --as-needed -lgcc_s --no-as-needed /usr/local/opt/gcc-5.3.0-32/lib/gcc/i686-pc-linux-gnu/5.3.0/crtend.o /lib/crtn.o]
    arg [/usr/local/opt/gcc-5.3.0-32/libexec/gcc/i686-pc-linux-gnu/5.3.0/collect2] ==> ignore
    arg [-plugin] ==> ignore
    arg [/usr/local/opt/gcc-5.3.0-32/libexec/gcc/i686-pc-linux-gnu/5.3.0/liblto_plugin.so] ==> ignore
    arg [-plugin-opt=/usr/local/opt/gcc-5.3.0-32/libexec/gcc/i686-pc-linux-gnu/5.3.0/lto-wrapper] ==> ignore
    arg [-plugin-opt=-fresolution=/tmp/cc8kDIWh.res] ==> ignore
    arg [-plugin-opt=-pass-through=-lgcc] ==> ignore
    arg [-plugin-opt=-pass-through=-lgcc_s] ==> ignore
    arg [-plugin-opt=-pass-through=-lc] ==> ignore
    arg [-plugin-opt=-pass-through=-lgcc] ==> ignore
    arg [-plugin-opt=-pass-through=-lgcc_s] ==> ignore
    arg [--eh-frame-hdr] ==> ignore
    arg [-m] ==> ignore
    arg [elf_i386] ==> ignore
    arg [-export-dynamic] ==> ignore
    arg [-dynamic-linker] ==> ignore
    arg [/lib/ld-linux.so.2] ==> ignore
    arg [-o] ==> ignore
    arg [cmTC_b8180] ==> ignore
    arg [/lib/crt1.o] ==> obj [/lib/crt1.o]
    arg [/lib/crti.o] ==> obj [/lib/crti.o]
    arg [/usr/local/opt/gcc-5.3.0-32/lib/gcc/i686-pc-linux-gnu/5.3.0/crtbegin.o] ==> obj [/usr/local/opt/gcc-5.3.0-32/lib/gcc/i686-pc-linux-gnu/5.3.0/crtbegin.o]
    arg [-L/usr/local/opt/gcc-5.3.0-32/lib/gcc/i686-pc-linux-gnu/5.3.0] ==> dir [/usr/local/opt/gcc-5.3.0-32/lib/gcc/i686-pc-linux-gnu/5.3.0]
    arg [-L/usr/local/opt/gcc-5.3.0-32/lib/gcc/i686-pc-linux-gnu/5.3.0/../../..] ==> dir [/usr/local/opt/gcc-5.3.0-32/lib/gcc/i686-pc-linux-gnu/5.3.0/../../..]
    arg [CMakeFiles/cmTC_b8180.dir/CMakeCCompilerABI.c.o] ==> ignore
    arg [-lgcc] ==> lib [gcc]
    arg [--as-needed] ==> ignore
    arg [-lgcc_s] ==> lib [gcc_s]
    arg [--no-as-needed] ==> ignore
    arg [-lc] ==> lib [c]
    arg [-lgcc] ==> lib [gcc]
    arg [--as-needed] ==> ignore
    arg [-lgcc_s] ==> lib [gcc_s]
    arg [--no-as-needed] ==> ignore
    arg [/usr/local/opt/gcc-5.3.0-32/lib/gcc/i686-pc-linux-gnu/5.3.0/crtend.o] ==> obj [/usr/local/opt/gcc-5.3.0-32/lib/gcc/i686-pc-linux-gnu/5.3.0/crtend.o]
    arg [/lib/crtn.o] ==> obj [/lib/crtn.o]
  collapse library dir [/usr/local/opt/gcc-5.3.0-32/lib/gcc/i686-pc-linux-gnu/5.3.0] ==> [/usr/local/opt/gcc-5.3.0-32/lib/gcc/i686-pc-linux-gnu/5.3.0]
  collapse library dir [/usr/local/opt/gcc-5.3.0-32/lib/gcc/i686-pc-linux-gnu/5.3.0/../../..] ==> [/usr/local/opt/gcc-5.3.0-32/lib]
  implicit libs: [gcc;gcc_s;c;gcc;gcc_s]
  implicit objs: [/lib/crt1.o;/lib/crti.o;/usr/local/opt/gcc-5.3.0-32/lib/gcc/i686-pc-linux-gnu/5.3.0/crtbegin.o;/usr/local/opt/gcc-5.3.0-32/lib/gcc/i686-pc-linux-gnu/5.3.0/crtend.o;/lib/crtn.o]
  implicit dirs: [/usr/local/opt/gcc-5.3.0-32/lib/gcc/i686-pc-linux-gnu/5.3.0;/usr/local/opt/gcc-5.3.0-32/lib]
  implicit fwks: []


Detecting CXX compiler ABI info compiled with the following output:
Change Dir: /home/i12bercm/asignaturas/fsiv/p2/color_balance-build/CMakeFiles/CMakeTmp

Run Build Command(s):/usr/local/bin/gmake -f Makefile cmTC_e1102/fast && /usr/local/bin/gmake  -f CMakeFiles/cmTC_e1102.dir/build.make CMakeFiles/cmTC_e1102.dir/build
gmake[1]: Entering directory '/home/i12bercm/asignaturas/fsiv/p2/color_balance-build/CMakeFiles/CMakeTmp'
Building CXX object CMakeFiles/cmTC_e1102.dir/CMakeCXXCompilerABI.cpp.o
/usr/local/opt/gcc-5.3.0-32/bin/c++   -v -o CMakeFiles/cmTC_e1102.dir/CMakeCXXCompilerABI.cpp.o -c /usr/local/share/cmake-3.22/Modules/CMakeCXXCompilerABI.cpp
Using built-in specs.
COLLECT_GCC=/usr/local/opt/gcc-5.3.0-32/bin/c++
Target: i686-pc-linux-gnu
Configured with: ../gcc-5.3.0/configure --prefix=/usr/local/opt/gcc-5.3.0-32 --x-includes=/usr/local/X11R7/include --x-libraries=/usr/local/X11R7/lib --enable-tls --enable-languages=c,c++ --disable-multilib --disable-bootstrap --host=i686-pc-linux-gnu --build=i686-pc-linux-gnu : (reconfigured) ../gcc-5.3.0/configure --prefix=/usr/local/opt/gcc-5.3.0-32 --x-includes=/usr/local/X11R7/include --x-libraries=/usr/local/X11R7/lib --enable-tls --enable-languages=c,c++,fortran,java --disable-multilib --disable-bootstrap --host=i686-pc-linux-gnu --build=i686-pc-linux-gnu
Thread model: posix
gcc version 5.3.0 (GCC) 
COLLECT_GCC_OPTIONS='-v' '-o' 'CMakeFiles/cmTC_e1102.dir/CMakeCXXCompilerABI.cpp.o' '-c' '-shared-libgcc' '-mtune=generic' '-march=pentiumpro'
 /usr/local/opt/gcc-5.3.0-32/libexec/gcc/i686-pc-linux-gnu/5.3.0/cc1plus -quiet -v -D_GNU_SOURCE /usr/local/share/cmake-3.22/Modules/CMakeCXXCompilerABI.cpp -quiet -dumpbase CMakeCXXCompilerABI.cpp -mtune=generic -march=pentiumpro -auxbase-strip CMakeFiles/cmTC_e1102.dir/CMakeCXXCompilerABI.cpp.o -version -o /tmp/cctlxdCA.s
GNU C++ (GCC) version 5.3.0 (i686-pc-linux-gnu)
	compiled by GNU C version 4.7.0, GMP version 5.0.5, MPFR version 3.1.0, MPC version 0.9
warning: GMP header version 5.0.5 differs from library version 6.2.0.
GGC heuristics: --param ggc-min-expand=100 --param ggc-min-heapsize=131072
ignoring nonexistent directory "/usr/local/opt/gcc-5.3.0-32/lib/gcc/i686-pc-linux-gnu/5.3.0/../../../../i686-pc-linux-gnu/include"
ignoring duplicate directory "/usr/include"
#include "..." search starts here:
#include <...> search starts here:
 /usr/local/opt/gcc-5.3.0-32/lib/gcc/i686-pc-linux-gnu/5.3.0/../../../../include/c++/5.3.0
 /usr/local/opt/gcc-5.3.0-32/lib/gcc/i686-pc-linux-gnu/5.3.0/../../../../include/c++/5.3.0/i686-pc-linux-gnu
 /usr/local/opt/gcc-5.3.0-32/lib/gcc/i686-pc-linux-gnu/5.3.0/../../../../include/c++/5.3.0/backward
 /usr/local/opt/gcc-5.3.0-32/lib/gcc/i686-pc-linux-gnu/5.3.0/include
 /usr/local/include
 /usr/local/opt/gcc-5.3.0-32/include
 /usr/local/opt/gcc-5.3.0-32/lib/gcc/i686-pc-linux-gnu/5.3.0/include-fixed
End of search list.
GNU C++ (GCC) version 5.3.0 (i686-pc-linux-gnu)
	compiled by GNU C version 4.7.0, GMP version 5.0.5, MPFR version 3.1.0, MPC version 0.9
warning: GMP header version 5.0.5 differs from library version 6.2.0.
GGC heuristics: --param ggc-min-expand=100 --param ggc-min-heapsize=131072
Compiler executable checksum: dc407cc022bec629164e635dc188a23d
COLLECT_GCC_OPTIONS='-v' '-o' 'CMakeFiles/cmTC_e1102.dir/CMakeCXXCompilerABI.cpp.o' '-c' '-shared-libgcc' '-mtune=generic' '-march=pentiumpro'
 as -v --32 -o CMakeFiles/cmTC_e1102.dir/CMakeCXXCompilerABI.cpp.o /tmp/cctlxdCA.s
GNU assembler version 2.27 (x86_64-pc-linux-gnu) using BFD version (GNU Binutils) 2.27
COMPILER_PATH=/usr/local/opt/gcc-5.3.0-32/libexec/gcc/i686-pc-linux-gnu/5.3.0/:/usr/local/opt/gcc-5.3.0-32/libexec/gcc/i686-pc-linux-gnu/5.3.0/:/usr/local/opt/gcc-5.3.0-32/libexec/gcc/i686-pc-linux-gnu/:/usr/local/opt/gcc-5.3.0-32/lib/gcc/i686-pc-linux-gnu/5.3.0/:/usr/local/opt/gcc-5.3.0-32/lib/gcc/i686-pc-linux-gnu/
LIBRARY_PATH=/usr/local/opt/gcc-5.3.0-32/lib/gcc/i686-pc-linux-gnu/5.3.0/:/usr/local/opt/gcc-5.3.0-32/lib/gcc/i686-pc-linux-gnu/5.3.0/../../../:/lib/:/usr/lib/
COLLECT_GCC_OPTIONS='-v' '-o' 'CMakeFiles/cmTC_e1102.dir/CMakeCXXCompilerABI.cpp.o' '-c' '-shared-libgcc' '-mtune=generic' '-march=pentiumpro'
Linking CXX executable cmTC_e1102
/usr/local/bin/cmake -E cmake_link_script CMakeFiles/cmTC_e1102.dir/link.txt --verbose=1
/usr/local/opt/gcc-5.3.0-32/bin/c++  -v -rdynamic CMakeFiles/cmTC_e1102.dir/CMakeCXXCompilerABI.cpp.o -o cmTC_e1102 
Using built-in specs.
COLLECT_GCC=/usr/local/opt/gcc-5.3.0-32/bin/c++
COLLECT_LTO_WRAPPER=/usr/local/opt/gcc-5.3.0-32/libexec/gcc/i686-pc-linux-gnu/5.3.0/lto-wrapper
Target: i686-pc-linux-gnu
Configured with: ../gcc-5.3.0/configure --prefix=/usr/local/opt/gcc-5.3.0-32 --x-includes=/usr/local/X11R7/include --x-libraries=/usr/local/X11R7/lib --enable-tls --enable-languages=c,c++ --disable-multilib --disable-bootstrap --host=i686-pc-linux-gnu --build=i686-pc-linux-gnu : (reconfigured) ../gcc-5.3.0/configure --prefix=/usr/local/opt/gcc-5.3.0-32 --x-includes=/usr/local/X11R7/include --x-libraries=/usr/local/X11R7/lib --enable-tls --enable-languages=c,c++,fortran,java --disable-multilib --disable-bootstrap --host=i686-pc-linux-gnu --build=i686-pc-linux-gnu
Thread model: posix
gcc version 5.3.0 (GCC) 
COMPILER_PATH=/usr/local/opt/gcc-5.3.0-32/libexec/gcc/i686-pc-linux-gnu/5.3.0/:/usr/local/opt/gcc-5.3.0-32/libexec/gcc/i686-pc-linux-gnu/5.3.0/:/usr/local/opt/gcc-5.3.0-32/libexec/gcc/i686-pc-linux-gnu/:/usr/local/opt/gcc-5.3.0-32/lib/gcc/i686-pc-linux-gnu/5.3.0/:/usr/local/opt/gcc-5.3.0-32/lib/gcc/i686-pc-linux-gnu/
LIBRARY_PATH=/usr/local/opt/gcc-5.3.0-32/lib/gcc/i686-pc-linux-gnu/5.3.0/:/usr/local/opt/gcc-5.3.0-32/lib/gcc/i686-pc-linux-gnu/5.3.0/../../../:/lib/:/usr/lib/
COLLECT_GCC_OPTIONS='-v' '-rdynamic' '-o' 'cmTC_e1102' '-shared-libgcc' '-mtune=generic' '-march=pentiumpro'
 /usr/local/opt/gcc-5.3.0-32/libexec/gcc/i686-pc-linux-gnu/5.3.0/collect2 -plugin /usr/local/opt/gcc-5.3.0-32/libexec/gcc/i686-pc-linux-gnu/5.3.0/liblto_plugin.so -plugin-opt=/usr/local/opt/gcc-5.3.0-32/libexec/gcc/i686-pc-linux-gnu/5.3.0/lto-wrapper -plugin-opt=-fresolution=/tmp/ccCEcy3E.res -plugin-opt=-pass-through=-lgcc_s -plugin-opt=-pass-through=-lgcc -plugin-opt=-pass-through=-lc -plugin-opt=-pass-through=-lgcc_s -plugin-opt=-pass-through=-lgcc --eh-frame-hdr -m elf_i386 -export-dynamic -dynamic-linker /lib/ld-linux.so.2 -o cmTC_e1102 /lib/crt1.o /lib/crti.o /usr/local/opt/gcc-5.3.0-32/lib/gcc/i686-pc-linux-gnu/5.3.0/crtbegin.o -L/usr/local/opt/gcc-5.3.0-32/lib/gcc/i686-pc-linux-gnu/5.3.0 -L/usr/local/opt/gcc-5.3.0-32/lib/gcc/i686-pc-linux-gnu/5.3.0/../../.. CMakeFiles/cmTC_e1102.dir/CMakeCXXCompilerABI.cpp.o -lstdc++ -lm -lgcc_s -lgcc -lc -lgcc_s -lgcc /usr/local/opt/gcc-5.3.0-32/lib/gcc/i686-pc-linux-gnu/5.3.0/crtend.o /lib/crtn.o
gmake[1]: Leaving directory '/home/i12bercm/asignaturas/fsiv/p2/color_balance-build/CMakeFiles/CMakeTmp'



Parsed CXX implicit include dir info from above output: rv=done
  found start of include info
  found start of implicit include info
    add: [/usr/local/opt/gcc-5.3.0-32/lib/gcc/i686-pc-linux-gnu/5.3.0/../../../../include/c++/5.3.0]
    add: [/usr/local/opt/gcc-5.3.0-32/lib/gcc/i686-pc-linux-gnu/5.3.0/../../../../include/c++/5.3.0/i686-pc-linux-gnu]
    add: [/usr/local/opt/gcc-5.3.0-32/lib/gcc/i686-pc-linux-gnu/5.3.0/../../../../include/c++/5.3.0/backward]
    add: [/usr/local/opt/gcc-5.3.0-32/lib/gcc/i686-pc-linux-gnu/5.3.0/include]
    add: [/usr/local/include]
    add: [/usr/local/opt/gcc-5.3.0-32/include]
    add: [/usr/local/opt/gcc-5.3.0-32/lib/gcc/i686-pc-linux-gnu/5.3.0/include-fixed]
  end of search list found
  collapse include dir [/usr/local/opt/gcc-5.3.0-32/lib/gcc/i686-pc-linux-gnu/5.3.0/../../../../include/c++/5.3.0] ==> [/usr/local/opt/gcc-5.3.0-32/include/c++/5.3.0]
  collapse include dir [/usr/local/opt/gcc-5.3.0-32/lib/gcc/i686-pc-linux-gnu/5.3.0/../../../../include/c++/5.3.0/i686-pc-linux-gnu] ==> [/usr/local/opt/gcc-5.3.0-32/include/c++/5.3.0/i686-pc-linux-gnu]
  collapse include dir [/usr/local/opt/gcc-5.3.0-32/lib/gcc/i686-pc-linux-gnu/5.3.0/../../../../include/c++/5.3.0/backward] ==> [/usr/local/opt/gcc-5.3.0-32/include/c++/5.3.0/backward]
  collapse include dir [/usr/local/opt/gcc-5.3.0-32/lib/gcc/i686-pc-linux-gnu/5.3.0/include] ==> [/usr/local/opt/gcc-5.3.0-32/lib/gcc/i686-pc-linux-gnu/5.3.0/include]
  collapse include dir [/usr/local/include] ==> [/usr/local/include]
  collapse include dir [/usr/local/opt/gcc-5.3.0-32/include] ==> [/usr/local/opt/gcc-5.3.0-32/include]
  collapse include dir [/usr/local/opt/gcc-5.3.0-32/lib/gcc/i686-pc-linux-gnu/5.3.0/include-fixed] ==> [/usr/local/opt/gcc-5.3.0-32/lib/gcc/i686-pc-linux-gnu/5.3.0/include-fixed]
  implicit include dirs: [/usr/local/opt/gcc-5.3.0-32/include/c++/5.3.0;/usr/local/opt/gcc-5.3.0-32/include/c++/5.3.0/i686-pc-linux-gnu;/usr/local/opt/gcc-5.3.0-32/include/c++/5.3.0/backward;/usr/local/opt/gcc-5.3.0-32/lib/gcc/i686-pc-linux-gnu/5.3.0/include;/usr/local/include;/usr/local/opt/gcc-5.3.0-32/include;/usr/local/opt/gcc-5.3.0-32/lib/gcc/i686-pc-linux-gnu/5.3.0/include-fixed]


Parsed CXX implicit link information from above output:
  link line regex: [^( *|.*[/\])(ld|CMAKE_LINK_STARTFILE-NOTFOUND|([^/\]+-)?ld|collect2)[^/\]*( |$)]
  ignore line: [Change Dir: /home/i12bercm/asignaturas/fsiv/p2/color_balance-build/CMakeFiles/CMakeTmp]
  ignore line: []
  ignore line: [Run Build Command(s):/usr/local/bin/gmake -f Makefile cmTC_e1102/fast && /usr/local/bin/gmake  -f CMakeFiles/cmTC_e1102.dir/build.make CMakeFiles/cmTC_e1102.dir/build]
  ignore line: [gmake[1]: Entering directory '/home/i12bercm/asignaturas/fsiv/p2/color_balance-build/CMakeFiles/CMakeTmp']
  ignore line: [Building CXX object CMakeFiles/cmTC_e1102.dir/CMakeCXXCompilerABI.cpp.o]
  ignore line: [/usr/local/opt/gcc-5.3.0-32/bin/c++   -v -o CMakeFiles/cmTC_e1102.dir/CMakeCXXCompilerABI.cpp.o -c /usr/local/share/cmake-3.22/Modules/CMakeCXXCompilerABI.cpp]
  ignore line: [Using built-in specs.]
  ignore line: [COLLECT_GCC=/usr/local/opt/gcc-5.3.0-32/bin/c++]
  ignore line: [Target: i686-pc-linux-gnu]
  ignore line: [Configured with: ../gcc-5.3.0/configure --prefix=/usr/local/opt/gcc-5.3.0-32 --x-includes=/usr/local/X11R7/include --x-libraries=/usr/local/X11R7/lib --enable-tls --enable-languages=c c++ --disable-multilib --disable-bootstrap --host=i686-pc-linux-gnu --build=i686-pc-linux-gnu : (reconfigured) ../gcc-5.3.0/configure --prefix=/usr/local/opt/gcc-5.3.0-32 --x-includes=/usr/local/X11R7/include --x-libraries=/usr/local/X11R7/lib --enable-tls --enable-languages=c c++ fortran java --disable-multilib --disable-bootstrap --host=i686-pc-linux-gnu --build=i686-pc-linux-gnu]
  ignore line: [Thread model: posix]
  ignore line: [gcc version 5.3.0 (GCC) ]
  ignore line: [COLLECT_GCC_OPTIONS='-v' '-o' 'CMakeFiles/cmTC_e1102.dir/CMakeCXXCompilerABI.cpp.o' '-c' '-shared-libgcc' '-mtune=generic' '-march=pentiumpro']
  ignore line: [ /usr/local/opt/gcc-5.3.0-32/libexec/gcc/i686-pc-linux-gnu/5.3.0/cc1plus -quiet -v -D_GNU_SOURCE /usr/local/share/cmake-3.22/Modules/CMakeCXXCompilerABI.cpp -quiet -dumpbase CMakeCXXCompilerABI.cpp -mtune=generic -march=pentiumpro -auxbase-strip CMakeFiles/cmTC_e1102.dir/CMakeCXXCompilerABI.cpp.o -version -o /tmp/cctlxdCA.s]
  ignore line: [GNU C++ (GCC) version 5.3.0 (i686-pc-linux-gnu)]
  ignore line: [	compiled by GNU C version 4.7.0  GMP version 5.0.5  MPFR version 3.1.0  MPC version 0.9]
  ignore line: [warning: GMP header version 5.0.5 differs from library version 6.2.0.]
  ignore line: [GGC heuristics: --param ggc-min-expand=100 --param ggc-min-heapsize=131072]
  ignore line: [ignoring nonexistent directory "/usr/local/opt/gcc-5.3.0-32/lib/gcc/i686-pc-linux-gnu/5.3.0/../../../../i686-pc-linux-gnu/include"]
  ignore line: [ignoring duplicate directory "/usr/include"]
  ignore line: [#include "..." search starts here:]
  ignore line: [#include <...> search starts here:]
  ignore line: [ /usr/local/opt/gcc-5.3.0-32/lib/gcc/i686-pc-linux-gnu/5.3.0/../../../../include/c++/5.3.0]
  ignore line: [ /usr/local/opt/gcc-5.3.0-32/lib/gcc/i686-pc-linux-gnu/5.3.0/../../../../include/c++/5.3.0/i686-pc-linux-gnu]
  ignore line: [ /usr/local/opt/gcc-5.3.0-32/lib/gcc/i686-pc-linux-gnu/5.3.0/../../../../include/c++/5.3.0/backward]
  ignore line: [ /usr/local/opt/gcc-5.3.0-32/lib/gcc/i686-pc-linux-gnu/5.3.0/include]
  ignore line: [ /usr/local/include]
  ignore line: [ /usr/local/opt/gcc-5.3.0-32/include]
  ignore line: [ /usr/local/opt/gcc-5.3.0-32/lib/gcc/i686-pc-linux-gnu/5.3.0/include-fixed]
  ignore line: [End of search list.]
  ignore line: [GNU C++ (GCC) version 5.3.0 (i686-pc-linux-gnu)]
  ignore line: [	compiled by GNU C version 4.7.0  GMP version 5.0.5  MPFR version 3.1.0  MPC version 0.9]
  ignore line: [warning: GMP header version 5.0.5 differs from library version 6.2.0.]
  ignore line: [GGC heuristics: --param ggc-min-expand=100 --param ggc-min-heapsize=131072]
  ignore line: [Compiler executable checksum: dc407cc022bec629164e635dc188a23d]
  ignore line: [COLLECT_GCC_OPTIONS='-v' '-o' 'CMakeFiles/cmTC_e1102.dir/CMakeCXXCompilerABI.cpp.o' '-c' '-shared-libgcc' '-mtune=generic' '-march=pentiumpro']
  ignore line: [ as -v --32 -o CMakeFiles/cmTC_e1102.dir/CMakeCXXCompilerABI.cpp.o /tmp/cctlxdCA.s]
  ignore line: [GNU assembler version 2.27 (x86_64-pc-linux-gnu) using BFD version (GNU Binutils) 2.27]
  ignore line: [COMPILER_PATH=/usr/local/opt/gcc-5.3.0-32/libexec/gcc/i686-pc-linux-gnu/5.3.0/:/usr/local/opt/gcc-5.3.0-32/libexec/gcc/i686-pc-linux-gnu/5.3.0/:/usr/local/opt/gcc-5.3.0-32/libexec/gcc/i686-pc-linux-gnu/:/usr/local/opt/gcc-5.3.0-32/lib/gcc/i686-pc-linux-gnu/5.3.0/:/usr/local/opt/gcc-5.3.0-32/lib/gcc/i686-pc-linux-gnu/]
  ignore line: [LIBRARY_PATH=/usr/local/opt/gcc-5.3.0-32/lib/gcc/i686-pc-linux-gnu/5.3.0/:/usr/local/opt/gcc-5.3.0-32/lib/gcc/i686-pc-linux-gnu/5.3.0/../../../:/lib/:/usr/lib/]
  ignore line: [COLLECT_GCC_OPTIONS='-v' '-o' 'CMakeFiles/cmTC_e1102.dir/CMakeCXXCompilerABI.cpp.o' '-c' '-shared-libgcc' '-mtune=generic' '-march=pentiumpro']
  ignore line: [Linking CXX executable cmTC_e1102]
  ignore line: [/usr/local/bin/cmake -E cmake_link_script CMakeFiles/cmTC_e1102.dir/link.txt --verbose=1]
  ignore line: [/usr/local/opt/gcc-5.3.0-32/bin/c++  -v -rdynamic CMakeFiles/cmTC_e1102.dir/CMakeCXXCompilerABI.cpp.o -o cmTC_e1102 ]
  ignore line: [Using built-in specs.]
  ignore line: [COLLECT_GCC=/usr/local/opt/gcc-5.3.0-32/bin/c++]
  ignore line: [COLLECT_LTO_WRAPPER=/usr/local/opt/gcc-5.3.0-32/libexec/gcc/i686-pc-linux-gnu/5.3.0/lto-wrapper]
  ignore line: [Target: i686-pc-linux-gnu]
  ignore line: [Configured with: ../gcc-5.3.0/configure --prefix=/usr/local/opt/gcc-5.3.0-32 --x-includes=/usr/local/X11R7/include --x-libraries=/usr/local/X11R7/lib --enable-tls --enable-languages=c c++ --disable-multilib --disable-bootstrap --host=i686-pc-linux-gnu --build=i686-pc-linux-gnu : (reconfigured) ../gcc-5.3.0/configure --prefix=/usr/local/opt/gcc-5.3.0-32 --x-includes=/usr/local/X11R7/include --x-libraries=/usr/local/X11R7/lib --enable-tls --enable-languages=c c++ fortran java --disable-multilib --disable-bootstrap --host=i686-pc-linux-gnu --build=i686-pc-linux-gnu]
  ignore line: [Thread model: posix]
  ignore line: [gcc version 5.3.0 (GCC) ]
  ignore line: [COMPILER_PATH=/usr/local/opt/gcc-5.3.0-32/libexec/gcc/i686-pc-linux-gnu/5.3.0/:/usr/local/opt/gcc-5.3.0-32/libexec/gcc/i686-pc-linux-gnu/5.3.0/:/usr/local/opt/gcc-5.3.0-32/libexec/gcc/i686-pc-linux-gnu/:/usr/local/opt/gcc-5.3.0-32/lib/gcc/i686-pc-linux-gnu/5.3.0/:/usr/local/opt/gcc-5.3.0-32/lib/gcc/i686-pc-linux-gnu/]
  ignore line: [LIBRARY_PATH=/usr/local/opt/gcc-5.3.0-32/lib/gcc/i686-pc-linux-gnu/5.3.0/:/usr/local/opt/gcc-5.3.0-32/lib/gcc/i686-pc-linux-gnu/5.3.0/../../../:/lib/:/usr/lib/]
  ignore line: [COLLECT_GCC_OPTIONS='-v' '-rdynamic' '-o' 'cmTC_e1102' '-shared-libgcc' '-mtune=generic' '-march=pentiumpro']
  link line: [ /usr/local/opt/gcc-5.3.0-32/libexec/gcc/i686-pc-linux-gnu/5.3.0/collect2 -plugin /usr/local/opt/gcc-5.3.0-32/libexec/gcc/i686-pc-linux-gnu/5.3.0/liblto_plugin.so -plugin-opt=/usr/local/opt/gcc-5.3.0-32/libexec/gcc/i686-pc-linux-gnu/5.3.0/lto-wrapper -plugin-opt=-fresolution=/tmp/ccCEcy3E.res -plugin-opt=-pass-through=-lgcc_s -plugin-opt=-pass-through=-lgcc -plugin-opt=-pass-through=-lc -plugin-opt=-pass-through=-lgcc_s -plugin-opt=-pass-through=-lgcc --eh-frame-hdr -m elf_i386 -export-dynamic -dynamic-linker /lib/ld-linux.so.2 -o cmTC_e1102 /lib/crt1.o /lib/crti.o /usr/local/opt/gcc-5.3.0-32/lib/gcc/i686-pc-linux-gnu/5.3.0/crtbegin.o -L/usr/local/opt/gcc-5.3.0-32/lib/gcc/i686-pc-linux-gnu/5.3.0 -L/usr/local/opt/gcc-5.3.0-32/lib/gcc/i686-pc-linux-gnu/5.3.0/../../.. CMakeFiles/cmTC_e1102.dir/CMakeCXXCompilerABI.cpp.o -lstdc++ -lm -lgcc_s -lgcc -lc -lgcc_s -lgcc /usr/local/opt/gcc-5.3.0-32/lib/gcc/i686-pc-linux-gnu/5.3.0/crtend.o /lib/crtn.o]
    arg [/usr/local/opt/gcc-5.3.0-32/libexec/gcc/i686-pc-linux-gnu/5.3.0/collect2] ==> ignore
    arg [-plugin] ==> ignore
    arg [/usr/local/opt/gcc-5.3.0-32/libexec/gcc/i686-pc-linux-gnu/5.3.0/liblto_plugin.so] ==> ignore
    arg [-plugin-opt=/usr/local/opt/gcc-5.3.0-32/libexec/gcc/i686-pc-linux-gnu/5.3.0/lto-wrapper] ==> ignore
    arg [-plugin-opt=-fresolution=/tmp/ccCEcy3E.res] ==> ignore
    arg [-plugin-opt=-pass-through=-lgcc_s] ==> ignore
    arg [-plugin-opt=-pass-through=-lgcc] ==> ignore
    arg [-plugin-opt=-pass-through=-lc] ==> ignore
    arg [-plugin-opt=-pass-through=-lgcc_s] ==> ignore
    arg [-plugin-opt=-pass-through=-lgcc] ==> ignore
    arg [--eh-frame-hdr] ==> ignore
    arg [-m] ==> ignore
    arg [elf_i386] ==> ignore
    arg [-export-dynamic] ==> ignore
    arg [-dynamic-linker] ==> ignore
    arg [/lib/ld-linux.so.2] ==> ignore
    arg [-o] ==> ignore
    arg [cmTC_e1102] ==> ignore
    arg [/lib/crt1.o] ==> obj [/lib/crt1.o]
    arg [/lib/crti.o] ==> obj [/lib/crti.o]
    arg [/usr/local/opt/gcc-5.3.0-32/lib/gcc/i686-pc-linux-gnu/5.3.0/crtbegin.o] ==> obj [/usr/local/opt/gcc-5.3.0-32/lib/gcc/i686-pc-linux-gnu/5.3.0/crtbegin.o]
    arg [-L/usr/local/opt/gcc-5.3.0-32/lib/gcc/i686-pc-linux-gnu/5.3.0] ==> dir [/usr/local/opt/gcc-5.3.0-32/lib/gcc/i686-pc-linux-gnu/5.3.0]
    arg [-L/usr/local/opt/gcc-5.3.0-32/lib/gcc/i686-pc-linux-gnu/5.3.0/../../..] ==> dir [/usr/local/opt/gcc-5.3.0-32/lib/gcc/i686-pc-linux-gnu/5.3.0/../../..]
    arg [CMakeFiles/cmTC_e1102.dir/CMakeCXXCompilerABI.cpp.o] ==> ignore
    arg [-lstdc++] ==> lib [stdc++]
    arg [-lm] ==> lib [m]
    arg [-lgcc_s] ==> lib [gcc_s]
    arg [-lgcc] ==> lib [gcc]
    arg [-lc] ==> lib [c]
    arg [-lgcc_s] ==> lib [gcc_s]
    arg [-lgcc] ==> lib [gcc]
    arg [/usr/local/opt/gcc-5.3.0-32/lib/gcc/i686-pc-linux-gnu/5.3.0/crtend.o] ==> obj [/usr/local/opt/gcc-5.3.0-32/lib/gcc/i686-pc-linux-gnu/5.3.0/crtend.o]
    arg [/lib/crtn.o] ==> obj [/lib/crtn.o]
  collapse library dir [/usr/local/opt/gcc-5.3.0-32/lib/gcc/i686-pc-linux-gnu/5.3.0] ==> [/usr/local/opt/gcc-5.3.0-32/lib/gcc/i686-pc-linux-gnu/5.3.0]
  collapse library dir [/usr/local/opt/gcc-5.3.0-32/lib/gcc/i686-pc-linux-gnu/5.3.0/../../..] ==> [/usr/local/opt/gcc-5.3.0-32/lib]
  implicit libs: [stdc++;m;gcc_s;gcc;c;gcc_s;gcc]
  implicit objs: [/lib/crt1.o;/lib/crti.o;/usr/local/opt/gcc-5.3.0-32/lib/gcc/i686-pc-linux-gnu/5.3.0/crtbegin.o;/usr/local/opt/gcc-5.3.0-32/lib/gcc/i686-pc-linux-gnu/5.3.0/crtend.o;/lib/crtn.o]
  implicit dirs: [/usr/local/opt/gcc-5.3.0-32/lib/gcc/i686-pc-linux-gnu/5.3.0;/usr/local/opt/gcc-5.3.0-32/lib]
  implicit fwks: []


